18:00:19.792 [TestNG-tests-1] INFO  testCases.TC001_AccountRegistration - **********Clicked on Account Link**********
18:00:19.797 [TestNG-tests-1] INFO  testCases.TC001_AccountRegistration - **********Provideng Customer Information**********
18:00:20.938 [TestNG-tests-2] INFO  testCases.TC001_AccountRegistration - **********Starting Execution of TC001_Registration**********
18:00:22.881 [TestNG-tests-1] INFO  testCases.TC001_AccountRegistration - **********Validating Expected Message**********
18:00:22.941 [TestNG-tests-2] INFO  testCases.TC001_AccountRegistration - **********clicked on Account Link**********
18:00:22.962 [TestNG-tests-1] INFO  testCases.TC001_AccountRegistration - **********Completed Execution of TC001_Registration**********
18:00:33.017 [TestNG-tests-2] ERROR testCases.TC001_AccountRegistration - Test failed
18:00:33.017 [TestNG-tests-2] DEBUG testCases.TC001_AccountRegistration - Debug logs....
18:00:38.843 [TestNG-tests-1] INFO  testCases.TC002_Login - **********Starting Execution of TC002_Login**********
18:00:40.062 [TestNG-tests-1] INFO  testCases.TC002_Login - **********Completed Execution of TC002_Login**********
18:04:41.195 [TestNG-tests-1] INFO  testCases.TC001_AccountRegistration - **********Starting Execution of TC001_Registration**********
18:04:41.252 [TestNG-tests-1] INFO  testCases.TC001_AccountRegistration - **********clicked on Account Link**********
18:04:41.718 [TestNG-tests-1] INFO  testCases.TC001_AccountRegistration - **********Clicked on Account Link**********
18:04:41.719 [TestNG-tests-1] INFO  testCases.TC001_AccountRegistration - **********Provideng Customer Information**********
18:04:42.726 [TestNG-tests-2] INFO  testCases.TC002_Login - **********Starting Execution of TC002_Login**********
18:04:44.829 [TestNG-tests-1] INFO  testCases.TC001_AccountRegistration - **********Validating Expected Message**********
18:04:44.912 [TestNG-tests-1] INFO  testCases.TC001_AccountRegistration - **********Completed Execution of TC001_Registration**********
18:08:24.460 [TestNG-tests-1] INFO  testCases.TC001_AccountRegistration - **********Starting Execution of TC001_Registration**********
18:08:24.525 [TestNG-tests-1] INFO  testCases.TC001_AccountRegistration - **********clicked on Account Link**********
18:08:24.883 [TestNG-tests-1] INFO  testCases.TC001_AccountRegistration - **********Clicked on Account Link**********
18:08:24.884 [TestNG-tests-1] INFO  testCases.TC001_AccountRegistration - **********Provideng Customer Information**********
18:08:26.000 [TestNG-tests-2] INFO  testCases.TC002_Login - **********Starting Execution of TC002_Login**********
18:08:28.030 [TestNG-tests-1] INFO  testCases.TC001_AccountRegistration - **********Validating Expected Message**********
18:08:28.111 [TestNG-tests-1] INFO  testCases.TC001_AccountRegistration - **********Completed Execution of TC001_Registration**********
18:11:43.408 [main] INFO  testCases.TC001_AccountRegistration - **********Starting Execution of TC001_Registration**********
18:11:43.456 [main] INFO  testCases.TC001_AccountRegistration - **********clicked on Account Link**********
18:11:43.974 [main] INFO  testCases.TC001_AccountRegistration - **********Clicked on Account Link**********
18:11:43.975 [main] INFO  testCases.TC001_AccountRegistration - **********Provideng Customer Information**********
18:11:47.031 [main] INFO  testCases.TC001_AccountRegistration - **********Validating Expected Message**********
18:11:47.061 [main] INFO  testCases.TC001_AccountRegistration - **********Completed Execution of TC001_Registration**********
18:12:28.098 [TestNG-tests-1] INFO  testCases.TC001_AccountRegistration - **********Starting Execution of TC001_Registration**********
18:12:28.182 [TestNG-tests-1] INFO  testCases.TC001_AccountRegistration - **********clicked on Account Link**********
18:12:28.611 [TestNG-tests-1] INFO  testCases.TC001_AccountRegistration - **********Clicked on Account Link**********
18:12:28.612 [TestNG-tests-1] INFO  testCases.TC001_AccountRegistration - **********Provideng Customer Information**********
18:12:29.744 [TestNG-tests-2] INFO  testCases.TC002_Login - **********Starting Execution of TC002_Login**********
18:12:31.483 [TestNG-tests-1] INFO  testCases.TC001_AccountRegistration - **********Validating Expected Message**********
18:12:31.579 [TestNG-tests-1] INFO  testCases.TC001_AccountRegistration - **********Completed Execution of TC001_Registration**********
21:44:39.772 [TestNG-tests-1] INFO  testCases.TC001_AccountRegistration - **********Starting Execution of TC001_Registration**********
21:44:39.928 [TestNG-tests-1] INFO  testCases.TC001_AccountRegistration - **********clicked on Account Link**********
21:44:40.557 [TestNG-tests-1] INFO  testCases.TC001_AccountRegistration - **********Clicked on Account Link**********
21:44:40.564 [TestNG-tests-1] INFO  testCases.TC001_AccountRegistration - **********Provideng Customer Information**********
21:44:42.686 [TestNG-tests-2] INFO  testCases.TC001_AccountRegistration - **********Starting Execution of TC001_Registration**********
