13:53:58.772 [main] INFO  testCases.TC002_Login - **********Starting Execution of TC002_Login**********
13:53:59.900 [main] INFO  testCases.TC002_Login - **********Completed Execution of TC002_Login**********
14:27:53.729 [main] INFO  testCases.TC001_AccountRegistration - **********Starting Execution of TC001_Registration**********
14:27:53.805 [main] INFO  testCases.TC001_AccountRegistration - **********clicked on Account Link**********
14:27:54.339 [main] INFO  testCases.TC001_AccountRegistration - **********Clicked on Account Link**********
14:27:54.346 [main] INFO  testCases.TC001_AccountRegistration - **********Provideng Customer Information**********
14:27:57.392 [main] INFO  testCases.TC001_AccountRegistration - **********Validating Expected Message**********
14:27:57.438 [main] INFO  testCases.TC001_AccountRegistration - **********Completed Execution of TC001_Registration**********
14:28:02.097 [main] INFO  testCases.TC002_Login - **********Starting Execution of TC002_Login**********
14:28:03.298 [main] INFO  testCases.TC002_Login - **********Completed Execution of TC002_Login**********
14:33:39.557 [main] INFO  testCases.TC001_AccountRegistration - **********Starting Execution of TC001_Registration**********
14:33:39.670 [main] INFO  testCases.TC001_AccountRegistration - **********clicked on Account Link**********
14:33:40.887 [main] INFO  testCases.TC001_AccountRegistration - **********Clicked on Account Link**********
14:33:40.889 [main] INFO  testCases.TC001_AccountRegistration - **********Provideng Customer Information**********
14:33:42.536 [main] INFO  testCases.TC001_AccountRegistration - **********Validating Expected Message**********
14:33:42.569 [main] INFO  testCases.TC001_AccountRegistration - **********Completed Execution of TC001_Registration**********
14:33:49.787 [main] INFO  testCases.TC002_Login - **********Starting Execution of TC002_Login**********
14:33:51.237 [main] INFO  testCases.TC002_Login - **********Completed Execution of TC002_Login**********
14:35:00.161 [main] INFO  testCases.TC001_AccountRegistration - **********Starting Execution of TC001_Registration**********
14:35:00.214 [main] INFO  testCases.TC001_AccountRegistration - **********clicked on Account Link**********
14:35:01.405 [main] INFO  testCases.TC001_AccountRegistration - **********Clicked on Account Link**********
14:35:01.405 [main] INFO  testCases.TC001_AccountRegistration - **********Provideng Customer Information**********
14:35:03.420 [main] INFO  testCases.TC001_AccountRegistration - **********Validating Expected Message**********
14:35:03.460 [main] INFO  testCases.TC001_AccountRegistration - **********Completed Execution of TC001_Registration**********
14:35:10.260 [main] INFO  testCases.TC002_Login - **********Starting Execution of TC002_Login**********
14:35:11.661 [main] INFO  testCases.TC002_Login - **********Completed Execution of TC002_Login**********
