23:05:05.396 [main] INFO  testCases.TC001_AccountRegistration - **********clicked on Account Link**********
23:05:05.840 [main] INFO  testCases.TC001_AccountRegistration - **********Clicked on Account Link**********
23:05:05.841 [main] INFO  testCases.TC001_AccountRegistration - **********Provideng Customer Information**********
23:05:08.873 [main] INFO  testCases.TC001_AccountRegistration - **********Validating Expected Message**********
23:05:08.911 [main] INFO  testCases.TC001_AccountRegistration - **********Completed Execution of TC001_Registration**********
23:05:13.546 [main] INFO  testCases.TC002_Login - **********Starting Execution of TC002_Login**********
23:05:14.694 [main] INFO  testCases.TC002_Login - **********Completed Execution of TC002_Login**********
23:15:52.178 [main] INFO  testCases.TC001_AccountRegistration - **********Starting Execution of TC001_Registration**********
23:15:52.236 [main] INFO  testCases.TC001_AccountRegistration - **********clicked on Account Link**********
23:15:52.737 [main] INFO  testCases.TC001_AccountRegistration - **********Clicked on Account Link**********
23:15:52.738 [main] INFO  testCases.TC001_AccountRegistration - **********Provideng Customer Information**********
23:15:55.809 [main] INFO  testCases.TC001_AccountRegistration - **********Validating Expected Message**********
23:15:55.836 [main] INFO  testCases.TC001_AccountRegistration - **********Completed Execution of TC001_Registration**********
23:16:00.420 [main] INFO  testCases.TC002_Login - **********Starting Execution of TC002_Login**********
23:16:01.599 [main] INFO  testCases.TC002_Login - **********Completed Execution of TC002_Login**********
23:18:40.781 [main] INFO  testCases.TC001_AccountRegistration - **********Starting Execution of TC001_Registration**********
23:18:40.831 [main] INFO  testCases.TC001_AccountRegistration - **********clicked on Account Link**********
23:18:41.323 [main] INFO  testCases.TC001_AccountRegistration - **********Clicked on Account Link**********
23:18:41.324 [main] INFO  testCases.TC001_AccountRegistration - **********Provideng Customer Information**********
23:18:44.317 [main] INFO  testCases.TC001_AccountRegistration - **********Validating Expected Message**********
23:18:44.347 [main] INFO  testCases.TC001_AccountRegistration - **********Completed Execution of TC001_Registration**********
23:18:48.929 [main] INFO  testCases.TC002_Login - **********Starting Execution of TC002_Login**********
23:18:50.159 [main] INFO  testCases.TC002_Login - **********Completed Execution of TC002_Login**********
23:20:59.280 [main] INFO  testCases.TC001_AccountRegistration - **********Starting Execution of TC001_Registration**********
23:20:59.333 [main] INFO  testCases.TC001_AccountRegistration - **********clicked on Account Link**********
23:20:59.786 [main] INFO  testCases.TC001_AccountRegistration - **********Clicked on Account Link**********
23:20:59.787 [main] INFO  testCases.TC001_AccountRegistration - **********Provideng Customer Information**********
23:21:02.671 [main] INFO  testCases.TC001_AccountRegistration - **********Validating Expected Message**********
23:21:02.706 [main] INFO  testCases.TC001_AccountRegistration - **********Completed Execution of TC001_Registration**********
23:21:07.205 [main] INFO  testCases.TC002_Login - **********Starting Execution of TC002_Login**********
23:21:08.381 [main] INFO  testCases.TC002_Login - **********Completed Execution of TC002_Login**********
23:33:32.018 [main] INFO  testCases.TC001_AccountRegistration - **********Starting Execution of TC001_Registration**********
23:33:32.069 [main] INFO  testCases.TC001_AccountRegistration - **********clicked on Account Link**********
23:33:32.574 [main] INFO  testCases.TC001_AccountRegistration - **********Clicked on Account Link**********
23:33:32.575 [main] INFO  testCases.TC001_AccountRegistration - **********Provideng Customer Information**********
23:33:35.618 [main] INFO  testCases.TC001_AccountRegistration - **********Validating Expected Message**********
23:33:35.647 [main] INFO  testCases.TC001_AccountRegistration - **********Completed Execution of TC001_Registration**********
23:33:40.151 [main] INFO  testCases.TC002_Login - **********Starting Execution of TC002_Login**********
23:33:41.325 [main] INFO  testCases.TC002_Login - **********Completed Execution of TC002_Login**********
23:36:12.242 [main] INFO  testCases.TC001_AccountRegistration - **********Starting Execution of TC001_Registration**********
23:36:12.294 [main] INFO  testCases.TC001_AccountRegistration - **********clicked on Account Link**********
23:36:12.805 [main] INFO  testCases.TC001_AccountRegistration - **********Clicked on Account Link**********
23:36:12.806 [main] INFO  testCases.TC001_AccountRegistration - **********Provideng Customer Information**********
23:36:15.855 [main] INFO  testCases.TC001_AccountRegistration - **********Validating Expected Message**********
